<?xml version="1.0" encoding="UTF-8"?>
<coverage generated="1775936028">
  <project timestamp="1775936028" name="Clover Coverage">
    <package name="IDS\Caching">
      <file name="C:\Data\GitHub\PHPIDS\lib\IDS\Caching\ApcCache.php">
        <class name="IDS\Caching\ApcCache" namespace="IDS\Caching">
          <metrics complexity="5" methods="4" coveredmethods="4" conditionals="0" coveredconditionals="0" statements="15" coveredstatements="15" elements="19" coveredelements="19"/>
        </class>
        <line num="80" type="method" name="__construct" visibility="public" complexity="1" crap="1" count="3"/>
        <line num="83" type="stmt" count="3"/>
        <line num="84" type="stmt" count="3"/>
        <line num="94" type="method" name="getInstance" visibility="public" complexity="1" crap="1" count="1"/>
        <line num="96" type="stmt" count="1"/>
        <line num="97" type="stmt" count="1"/>
        <line num="107" type="method" name="setCache" visibility="public" complexity="2" crap="2" count="2"/>
        <line num="109" type="stmt" count="2"/>
        <line num="111" type="stmt" count="2"/>
        <line num="112" type="stmt" count="2"/>
        <line num="113" type="stmt" count="2"/>
        <line num="114" type="stmt" count="2"/>
        <line num="115" type="stmt" count="2"/>
        <line num="116" type="stmt" count="2"/>
        <line num="119" type="stmt" count="2"/>
        <line num="130" type="method" name="getCache" visibility="public" complexity="1" crap="1" count="2"/>
        <line num="132" type="stmt" count="2"/>
        <line num="133" type="stmt" count="2"/>
        <line num="135" type="stmt" count="2"/>
        <metrics loc="138" ncloc="49" classes="1" methods="4" coveredmethods="4" conditionals="0" coveredconditionals="0" statements="15" coveredstatements="15" elements="19" coveredelements="19"/>
      </file>
      <file name="C:\Data\GitHub\PHPIDS\lib\IDS\Caching\CacheFactory.php">
        <class name="IDS\Caching\CacheFactory" namespace="IDS\Caching">
          <metrics complexity="4" methods="1" coveredmethods="1" conditionals="0" coveredconditionals="0" statements="18" coveredstatements="18" elements="19" coveredelements="19"/>
        </class>
        <line num="61" type="method" name="factory" visibility="public" complexity="4" crap="4" count="75"/>
        <line num="63" type="stmt" count="75"/>
        <line num="64" type="stmt" count="75"/>
        <line num="65" type="stmt" count="75"/>
        <line num="66" type="stmt" count="75"/>
        <line num="67" type="stmt" count="75"/>
        <line num="68" type="stmt" count="75"/>
        <line num="69" type="stmt" count="75"/>
        <line num="70" type="stmt" count="75"/>
        <line num="71" type="stmt" count="75"/>
        <line num="73" type="stmt" count="75"/>
        <line num="74" type="stmt" count="74"/>
        <line num="76" type="stmt" count="74"/>
        <line num="77" type="stmt" count="74"/>
        <line num="78" type="stmt" count="74"/>
        <line num="79" type="stmt" count="4"/>
        <line num="80" type="stmt" count="70"/>
        <line num="82" type="stmt" count="74"/>
        <line num="86" type="stmt" count="75"/>
        <metrics loc="89" ncloc="35" classes="1" methods="1" coveredmethods="1" conditionals="0" coveredconditionals="0" statements="18" coveredstatements="18" elements="19" coveredelements="19"/>
      </file>
      <file name="C:\Data\GitHub\PHPIDS\lib\IDS\Caching\DatabaseCache.php">
        <class name="IDS\Caching\DatabaseCache" namespace="IDS\Caching">
          <metrics complexity="19" methods="6" coveredmethods="6" conditionals="0" coveredconditionals="0" statements="60" coveredstatements="60" elements="66" coveredelements="66"/>
        </class>
        <line num="113" type="method" name="__construct" visibility="public" complexity="1" crap="1" count="11"/>
        <line num="115" type="stmt" count="11"/>
        <line num="117" type="stmt" count="11"/>
        <line num="118" type="stmt" count="11"/>
        <line num="119" type="stmt" count="11"/>
        <line num="131" type="method" name="getInstance" visibility="public" complexity="1" crap="1" count="1"/>
        <line num="133" type="stmt" count="1"/>
        <line num="134" type="stmt" count="1"/>
        <line num="145" type="method" name="setCache" visibility="public" complexity="5" crap="5" count="5"/>
        <line num="147" type="stmt" count="5"/>
        <line num="149" type="stmt" count="5"/>
        <line num="151" type="stmt" count="5"/>
        <line num="153" type="stmt" count="4"/>
        <line num="156" type="stmt" count="1"/>
        <line num="159" type="stmt" count="1"/>
        <line num="160" type="stmt" count="1"/>
        <line num="163" type="stmt" count="1"/>
        <line num="168" type="stmt" count="2"/>
        <line num="180" type="method" name="getCache" visibility="public" complexity="3" crap="3" count="3"/>
        <line num="183" type="stmt" count="3"/>
        <line num="184" type="stmt" count="3"/>
        <line num="185" type="stmt" count="3"/>
        <line num="186" type="stmt" count="3"/>
        <line num="187" type="stmt" count="3"/>
        <line num="188" type="stmt" count="3"/>
        <line num="189" type="stmt" count="2"/>
        <line num="191" type="stmt" count="2"/>
        <line num="193" type="stmt" count="1"/>
        <line num="194" type="stmt" count="1"/>
        <line num="197" type="stmt" count="1"/>
        <line num="198" type="stmt" count="1"/>
        <line num="201" type="stmt" count="1"/>
        <line num="211" type="method" name="connect" visibility="private" complexity="6" crap="6" count="11"/>
        <line num="214" type="stmt" count="11"/>
        <line num="215" type="stmt" count="11"/>
        <line num="216" type="stmt" count="11"/>
        <line num="217" type="stmt" count="11"/>
        <line num="219" type="stmt" count="1"/>
        <line num="225" type="stmt" count="10"/>
        <line num="227" type="stmt" count="10"/>
        <line num="229" type="stmt" count="10"/>
        <line num="230" type="stmt" count="10"/>
        <line num="231" type="stmt" count="10"/>
        <line num="232" type="stmt" count="10"/>
        <line num="233" type="stmt" count="10"/>
        <line num="234" type="stmt" count="10"/>
        <line num="235" type="stmt" count="9"/>
        <line num="237" type="stmt" count="1"/>
        <line num="238" type="stmt" count="1"/>
        <line num="241" type="stmt" count="9"/>
        <line num="253" type="method" name="write" visibility="private" complexity="3" crap="3" count="5"/>
        <line num="256" type="stmt" count="5"/>
        <line num="257" type="stmt" count="3"/>
        <line num="258" type="stmt" count="3"/>
        <line num="259" type="stmt" count="3"/>
        <line num="270" type="stmt" count="3"/>
        <line num="271" type="stmt" count="3"/>
        <line num="273" type="stmt" count="3"/>
        <line num="274" type="stmt" count="3"/>
        <line num="275" type="stmt" count="3"/>
        <line num="276" type="stmt" count="3"/>
        <line num="277" type="stmt" count="3"/>
        <line num="279" type="stmt" count="3"/>
        <line num="280" type="stmt" count="3"/>
        <line num="282" type="stmt" count="3"/>
        <line num="283" type="stmt" count="3"/>
        <metrics loc="287" ncloc="141" classes="1" methods="6" coveredmethods="6" conditionals="0" coveredconditionals="0" statements="60" coveredstatements="60" elements="66" coveredelements="66"/>
      </file>
      <file name="C:\Data\GitHub\PHPIDS\lib\IDS\Caching\FileCache.php">
        <class name="IDS\Caching\FileCache" namespace="IDS\Caching">
          <metrics complexity="15" methods="5" coveredmethods="5" conditionals="0" coveredconditionals="0" statements="39" coveredstatements="39" elements="44" coveredelements="44"/>
        </class>
        <line num="84" type="method" name="__construct" visibility="public" complexity="3" crap="3" count="73"/>
        <line num="87" type="stmt" count="73"/>
        <line num="88" type="stmt" count="73"/>
        <line num="89" type="stmt" count="73"/>
        <line num="91" type="stmt" count="73"/>
        <line num="92" type="stmt" count="1"/>
        <line num="93" type="stmt" count="1"/>
        <line num="94" type="stmt" count="1"/>
        <line num="95" type="stmt" count="1"/>
        <line num="96" type="stmt" count="1"/>
        <line num="107" type="method" name="getInstance" visibility="public" complexity="1" crap="1" count="71"/>
        <line num="109" type="stmt" count="71"/>
        <line num="110" type="stmt" count="71"/>
        <line num="121" type="method" name="setCache" visibility="public" complexity="5" crap="5" count="9"/>
        <line num="123" type="stmt" count="9"/>
        <line num="124" type="stmt" count="9"/>
        <line num="125" type="stmt" count="1"/>
        <line num="126" type="stmt" count="1"/>
        <line num="127" type="stmt" count="1"/>
        <line num="128" type="stmt" count="1"/>
        <line num="129" type="stmt" count="1"/>
        <line num="132" type="stmt" count="8"/>
        <line num="133" type="stmt" count="7"/>
        <line num="135" type="stmt" count="7"/>
        <line num="136" type="stmt" count="1"/>
        <line num="139" type="stmt" count="6"/>
        <line num="140" type="stmt" count="6"/>
        <line num="141" type="stmt" count="1"/>
        <line num="144" type="stmt" count="5"/>
        <line num="145" type="stmt" count="5"/>
        <line num="148" type="stmt" count="6"/>
        <line num="159" type="method" name="getCache" visibility="public" complexity="3" crap="3" count="66"/>
        <line num="162" type="stmt" count="66"/>
        <line num="163" type="stmt" count="5"/>
        <line num="166" type="stmt" count="61"/>
        <line num="167" type="stmt" count="61"/>
        <line num="168" type="stmt" count="1"/>
        <line num="171" type="stmt" count="60"/>
        <line num="173" type="stmt" count="60"/>
        <line num="182" type="method" name="isValidFile" visibility="private" complexity="3" crap="3" count="69"/>
        <line num="185" type="stmt" count="69"/>
        <line num="186" type="stmt" count="69"/>
        <line num="187" type="stmt" count="7"/>
        <line num="189" type="stmt" count="62"/>
        <metrics loc="192" ncloc="92" classes="1" methods="5" coveredmethods="5" conditionals="0" coveredconditionals="0" statements="39" coveredstatements="39" elements="44" coveredelements="44"/>
      </file>
      <file name="C:\Data\GitHub\PHPIDS\lib\IDS\Caching\MemcachedCache.php">
        <class name="IDS\Caching\MemcachedCache" namespace="IDS\Caching">
          <metrics complexity="8" methods="5" coveredmethods="5" conditionals="0" coveredconditionals="0" statements="29" coveredstatements="29" elements="34" coveredelements="34"/>
        </class>
        <line num="88" type="method" name="__construct" visibility="public" complexity="1" crap="1" count="3"/>
        <line num="92" type="stmt" count="3"/>
        <line num="93" type="stmt" count="3"/>
        <line num="95" type="stmt" count="3"/>
        <line num="105" type="method" name="getInstance" visibility="public" complexity="1" crap="1" count="1"/>
        <line num="107" type="stmt" count="1"/>
        <line num="108" type="stmt" count="1"/>
        <line num="118" type="method" name="setCache" visibility="public" complexity="2" crap="2" count="1"/>
        <line num="120" type="stmt" count="1"/>
        <line num="122" type="stmt" count="1"/>
        <line num="123" type="stmt" count="1"/>
        <line num="124" type="stmt" count="1"/>
        <line num="125" type="stmt" count="1"/>
        <line num="126" type="stmt" count="1"/>
        <line num="127" type="stmt" count="1"/>
        <line num="128" type="stmt" count="1"/>
        <line num="131" type="stmt" count="1"/>
        <line num="142" type="method" name="getCache" visibility="public" complexity="1" crap="1" count="1"/>
        <line num="144" type="stmt" count="1"/>
        <line num="145" type="stmt" count="1"/>
        <line num="146" type="stmt" count="1"/>
        <line num="147" type="stmt" count="1"/>
        <line num="148" type="stmt" count="1"/>
        <line num="150" type="stmt" count="1"/>
        <line num="159" type="method" name="connect" visibility="private" complexity="3" crap="3" count="3"/>
        <line num="162" type="stmt" count="3"/>
        <line num="164" type="stmt" count="2"/>
        <line num="166" type="stmt" count="2"/>
        <line num="168" type="stmt" count="2"/>
        <line num="169" type="stmt" count="2"/>
        <line num="170" type="stmt" count="2"/>
        <line num="171" type="stmt" count="2"/>
        <line num="172" type="stmt" count="2"/>
        <line num="175" type="stmt" count="1"/>
        <metrics loc="179" ncloc="74" classes="1" methods="5" coveredmethods="5" conditionals="0" coveredconditionals="0" statements="29" coveredstatements="29" elements="34" coveredelements="34"/>
      </file>
      <file name="C:\Data\GitHub\PHPIDS\lib\IDS\Caching\SessionCache.php">
        <class name="IDS\Caching\SessionCache" namespace="IDS\Caching">
          <metrics complexity="6" methods="4" coveredmethods="4" conditionals="0" coveredconditionals="0" statements="9" coveredstatements="9" elements="13" coveredelements="13"/>
        </class>
        <line num="76" type="method" name="__construct" visibility="public" complexity="1" crap="1" count="4"/>
        <line num="78" type="stmt" count="4"/>
        <line num="79" type="stmt" count="4"/>
        <line num="90" type="method" name="getInstance" visibility="public" complexity="1" crap="1" count="4"/>
        <line num="92" type="stmt" count="4"/>
        <line num="93" type="stmt" count="4"/>
        <line num="103" type="method" name="setCache" visibility="public" complexity="1" crap="1" count="3"/>
        <line num="106" type="stmt" count="3"/>
        <line num="108" type="stmt" count="3"/>
        <line num="118" type="method" name="getCache" visibility="public" complexity="3" crap="3" count="2"/>
        <line num="121" type="stmt" count="2"/>
        <line num="122" type="stmt" count="1"/>
        <line num="125" type="stmt" count="1"/>
        <metrics loc="128" ncloc="43" classes="1" methods="4" coveredmethods="4" conditionals="0" coveredconditionals="0" statements="9" coveredstatements="9" elements="13" coveredelements="13"/>
      </file>
    </package>
    <file name="C:\Data\GitHub\PHPIDS\lib\IDS\Caching\CacheInterface.php">
      <metrics loc="66" ncloc="11" classes="0" methods="0" coveredmethods="0" conditionals="0" coveredconditionals="0" statements="0" coveredstatements="0" elements="0" coveredelements="0"/>
    </file>
    <file name="C:\Data\GitHub\PHPIDS\lib\IDS\Config\Config.ini.php">
      <line num="1" type="stmt" count="0"/>
      <line num="3" type="stmt" count="0"/>
      <line num="5" type="stmt" count="0"/>
      <line num="7" type="stmt" count="0"/>
      <line num="9" type="stmt" count="0"/>
      <line num="10" type="stmt" count="0"/>
      <line num="12" type="stmt" count="0"/>
      <line num="13" type="stmt" count="0"/>
      <line num="15" type="stmt" count="0"/>
      <line num="16" type="stmt" count="0"/>
      <line num="17" type="stmt" count="0"/>
      <line num="19" type="stmt" count="0"/>
      <line num="20" type="stmt" count="0"/>
      <line num="21" type="stmt" count="0"/>
      <line num="23" type="stmt" count="0"/>
      <line num="24" type="stmt" count="0"/>
      <line num="25" type="stmt" count="0"/>
      <line num="27" type="stmt" count="0"/>
      <line num="28" type="stmt" count="0"/>
      <line num="29" type="stmt" count="0"/>
      <line num="31" type="stmt" count="0"/>
      <line num="32" type="stmt" count="0"/>
      <line num="33" type="stmt" count="0"/>
      <line num="35" type="stmt" count="0"/>
      <line num="37" type="stmt" count="0"/>
      <line num="39" type="stmt" count="0"/>
      <line num="40" type="stmt" count="0"/>
      <line num="41" type="stmt" count="0"/>
      <line num="43" type="stmt" count="0"/>
      <line num="44" type="stmt" count="0"/>
      <line num="46" type="stmt" count="0"/>
      <line num="47" type="stmt" count="0"/>
      <line num="48" type="stmt" count="0"/>
      <line num="49" type="stmt" count="0"/>
      <line num="50" type="stmt" count="0"/>
      <line num="52" type="stmt" count="0"/>
      <line num="53" type="stmt" count="0"/>
      <line num="54" type="stmt" count="0"/>
      <line num="55" type="stmt" count="0"/>
      <line num="57" type="stmt" count="0"/>
      <line num="58" type="stmt" count="0"/>
      <metrics loc="59" ncloc="59" classes="0" methods="0" coveredmethods="0" conditionals="0" coveredconditionals="0" statements="41" coveredstatements="0" elements="41" coveredelements="0"/>
    </file>
    <package name="IDS">
      <file name="C:\Data\GitHub\PHPIDS\lib\IDS\Converter.php">
        <class name="IDS\Converter" namespace="IDS">
          <metrics complexity="10" methods="2" coveredmethods="2" conditionals="0" coveredconditionals="0" statements="79" coveredstatements="79" elements="81" coveredelements="81"/>
        </class>
        <line num="9" type="method" name="runAll" visibility="public" complexity="2" crap="2" count="49"/>
        <line num="11" type="stmt" count="49"/>
        <line num="12" type="stmt" count="1"/>
        <line num="13" type="stmt" count="1"/>
        <line num="14" type="stmt" count="1"/>
        <line num="15" type="stmt" count="1"/>
        <line num="16" type="stmt" count="1"/>
        <line num="17" type="stmt" count="1"/>
        <line num="18" type="stmt" count="1"/>
        <line num="19" type="stmt" count="1"/>
        <line num="20" type="stmt" count="1"/>
        <line num="21" type="stmt" count="1"/>
        <line num="22" type="stmt" count="1"/>
        <line num="23" type="stmt" count="1"/>
        <line num="24" type="stmt" count="1"/>
        <line num="25" type="stmt" count="1"/>
        <line num="26" type="stmt" count="1"/>
        <line num="27" type="stmt" count="1"/>
        <line num="28" type="stmt" count="1"/>
        <line num="29" type="stmt" count="1"/>
        <line num="31" type="stmt" count="49"/>
        <line num="34" type="method" name="runCentrifuge" visibility="public" complexity="8" crap="8" count="49"/>
        <line num="36" type="stmt" count="49"/>
        <line num="38" type="stmt" count="49"/>
        <line num="39" type="stmt" count="49"/>
        <line num="41" type="stmt" count="34"/>
        <line num="42" type="stmt" count="34"/>
        <line num="43" type="stmt" count="34"/>
        <line num="44" type="stmt" count="34"/>
        <line num="45" type="stmt" count="34"/>
        <line num="46" type="stmt" count="34"/>
        <line num="49" type="stmt" count="34"/>
        <line num="50" type="stmt" count="34"/>
        <line num="52" type="stmt" count="34"/>
        <line num="53" type="stmt" count="34"/>
        <line num="54" type="stmt" count="34"/>
        <line num="55" type="stmt" count="34"/>
        <line num="56" type="stmt" count="34"/>
        <line num="57" type="stmt" count="34"/>
        <line num="59" type="stmt" count="34"/>
        <line num="60" type="stmt" count="34"/>
        <line num="61" type="stmt" count="34"/>
        <line num="62" type="stmt" count="34"/>
        <line num="63" type="stmt" count="34"/>
        <line num="64" type="stmt" count="34"/>
        <line num="65" type="stmt" count="34"/>
        <line num="67" type="stmt" count="34"/>
        <line num="68" type="stmt" count="17"/>
        <line num="69" type="stmt" count="17"/>
        <line num="70" type="stmt" count="17"/>
        <line num="73" type="stmt" count="17"/>
        <line num="77" type="stmt" count="49"/>
        <line num="79" type="stmt" count="33"/>
        <line num="82" type="stmt" count="33"/>
        <line num="83" type="stmt" count="33"/>
        <line num="84" type="stmt" count="33"/>
        <line num="87" type="stmt" count="33"/>
        <line num="88" type="stmt" count="33"/>
        <line num="89" type="stmt" count="33"/>
        <line num="90" type="stmt" count="33"/>
        <line num="91" type="stmt" count="33"/>
        <line num="92" type="stmt" count="33"/>
        <line num="93" type="stmt" count="33"/>
        <line num="94" type="stmt" count="33"/>
        <line num="95" type="stmt" count="33"/>
        <line num="97" type="stmt" count="33"/>
        <line num="99" type="stmt" count="33"/>
        <line num="100" type="stmt" count="33"/>
        <line num="102" type="stmt" count="33"/>
        <line num="104" type="stmt" count="33"/>
        <line num="105" type="stmt" count="33"/>
        <line num="106" type="stmt" count="33"/>
        <line num="107" type="stmt" count="33"/>
        <line num="110" type="stmt" count="33"/>
        <line num="111" type="stmt" count="33"/>
        <line num="112" type="stmt" count="33"/>
        <line num="114" type="stmt" count="33"/>
        <line num="115" type="stmt" count="15"/>
        <line num="116" type="stmt" count="15"/>
        <line num="119" type="stmt" count="15"/>
        <line num="123" type="stmt" count="49"/>
        <metrics loc="126" ncloc="120" classes="1" methods="2" coveredmethods="2" conditionals="0" coveredconditionals="0" statements="79" coveredstatements="79" elements="81" coveredelements="81"/>
      </file>
      <file name="C:\Data\GitHub\PHPIDS\lib\IDS\ConverterPipeline.php">
        <class name="IDS\ConverterPipeline" namespace="IDS">
          <metrics complexity="3" methods="2" coveredmethods="2" conditionals="0" coveredconditionals="0" statements="6" coveredstatements="6" elements="8" coveredelements="8"/>
        </class>
        <line num="10" type="method" name="add" visibility="public" complexity="1" crap="1" count="1"/>
        <line num="12" type="stmt" count="1"/>
        <line num="13" type="stmt" count="1"/>
        <line num="16" type="method" name="runAll" visibility="public" complexity="2" crap="2" count="49"/>
        <line num="18" type="stmt" count="49"/>
        <line num="19" type="stmt" count="49"/>
        <line num="20" type="stmt" count="49"/>
        <line num="22" type="stmt" count="49"/>
        <metrics loc="25" ncloc="24" classes="1" methods="2" coveredmethods="2" conditionals="0" coveredconditionals="0" statements="6" coveredstatements="6" elements="8" coveredelements="8"/>
      </file>
      <file name="C:\Data\GitHub\PHPIDS\lib\IDS\Event.php">
        <class name="IDS\Event" namespace="IDS">
          <metrics complexity="15" methods="8" coveredmethods="8" conditionals="0" coveredconditionals="0" statements="29" coveredstatements="29" elements="37" coveredelements="37"/>
        </class>
        <line num="108" type="method" name="__construct" visibility="public" complexity="5" crap="5" count="75"/>
        <line num="110" type="stmt" count="75"/>
        <line num="111" type="stmt" count="1"/>
        <line num="112" type="stmt" count="1"/>
        <line num="113" type="stmt" count="1"/>
        <line num="116" type="stmt" count="75"/>
        <line num="117" type="stmt" count="1"/>
        <line num="118" type="stmt" count="1"/>
        <line num="119" type="stmt" count="1"/>
        <line num="122" type="stmt" count="75"/>
        <line num="123" type="stmt" count="75"/>
        <line num="125" type="stmt" count="75"/>
        <line num="126" type="stmt" count="75"/>
        <line num="127" type="stmt" count="1"/>
        <line num="128" type="stmt" count="1"/>
        <line num="129" type="stmt" count="1"/>
        <line num="132" type="stmt" count="75"/>
        <line num="144" type="method" name="getName" visibility="public" complexity="1" crap="1" count="70"/>
        <line num="146" type="stmt" count="70"/>
        <line num="154" type="method" name="getValue" visibility="public" complexity="1" crap="1" count="3"/>
        <line num="156" type="stmt" count="3"/>
        <line num="164" type="method" name="getImpact" visibility="public" complexity="3" crap="3" count="38"/>
        <line num="166" type="stmt" count="38"/>
        <line num="167" type="stmt" count="38"/>
        <line num="168" type="stmt" count="38"/>
        <line num="169" type="stmt" count="38"/>
        <line num="173" type="stmt" count="38"/>
        <line num="181" type="method" name="getTags" visibility="public" complexity="2" crap="2" count="5"/>
        <line num="183" type="stmt" count="5"/>
        <line num="184" type="stmt" count="5"/>
        <line num="187" type="stmt" count="5"/>
        <line num="195" type="method" name="getFilters" visibility="public" complexity="1" crap="1" count="23"/>
        <line num="197" type="stmt" count="23"/>
        <line num="208" type="method" name="count" visibility="public" complexity="1" crap="1" count="2"/>
        <line num="210" type="stmt" count="2"/>
        <line num="220" type="method" name="getIterator" visibility="public" complexity="1" crap="1" count="4"/>
        <line num="222" type="stmt" count="4"/>
        <metrics loc="225" ncloc="91" classes="1" methods="8" coveredmethods="8" conditionals="0" coveredconditionals="0" statements="29" coveredstatements="29" elements="37" coveredelements="37"/>
      </file>
      <file name="C:\Data\GitHub\PHPIDS\lib\IDS\Filter.php">
        <class name="IDS\Filter" namespace="IDS">
          <metrics complexity="8" methods="7" coveredmethods="7" conditionals="0" coveredconditionals="0" statements="15" coveredstatements="15" elements="22" coveredelements="22"/>
        </class>
        <line num="100" type="method" name="__construct" visibility="public" complexity="1" crap="1" count="97"/>
        <line num="102" type="stmt" count="97"/>
        <line num="103" type="stmt" count="97"/>
        <line num="104" type="stmt" count="97"/>
        <line num="105" type="stmt" count="97"/>
        <line num="106" type="stmt" count="97"/>
        <line num="120" type="method" name="match" visibility="public" complexity="2" crap="2" count="52"/>
        <line num="122" type="stmt" count="52"/>
        <line num="123" type="stmt" count="1"/>
        <line num="124" type="stmt" count="1"/>
        <line num="125" type="stmt" count="1"/>
        <line num="128" type="stmt" count="51"/>
        <line num="136" type="method" name="getDescription" visibility="public" complexity="1" crap="1" count="7"/>
        <line num="138" type="stmt" count="7"/>
        <line num="149" type="method" name="getTags" visibility="public" complexity="1" crap="1" count="12"/>
        <line num="151" type="stmt" count="12"/>
        <line num="159" type="method" name="getRule" visibility="public" complexity="1" crap="1" count="57"/>
        <line num="161" type="stmt" count="57"/>
        <line num="169" type="method" name="getImpact" visibility="public" complexity="1" crap="1" count="43"/>
        <line num="171" type="stmt" count="43"/>
        <line num="179" type="method" name="getId" visibility="public" complexity="1" crap="1" count="20"/>
        <line num="181" type="stmt" count="20"/>
        <metrics loc="184" ncloc="62" classes="1" methods="7" coveredmethods="7" conditionals="0" coveredconditionals="0" statements="15" coveredstatements="15" elements="22" coveredelements="22"/>
      </file>
      <file name="C:\Data\GitHub\PHPIDS\lib\IDS\Init.php">
        <class name="IDS\Init" namespace="IDS">
          <metrics complexity="18" methods="6" coveredmethods="6" conditionals="0" coveredconditionals="0" statements="25" coveredstatements="25" elements="31" coveredelements="31"/>
        </class>
        <line num="77" type="method" name="__construct" visibility="public" complexity="1" crap="1" count="117"/>
        <line num="79" type="stmt" count="117"/>
        <line num="91" type="method" name="init" visibility="public" complexity="6" crap="6" count="4"/>
        <line num="93" type="stmt" count="4"/>
        <line num="94" type="stmt" count="1"/>
        <line num="96" type="stmt" count="3"/>
        <line num="97" type="stmt" count="3"/>
        <line num="98" type="stmt" count="1"/>
        <line num="100" type="stmt" count="2"/>
        <line num="101" type="stmt" count="2"/>
        <line num="102" type="stmt" count="1"/>
        <line num="104" type="stmt" count="1"/>
        <line num="107" type="stmt" count="1"/>
        <line num="117" type="method" name="getBasePath" visibility="public" complexity="3" crap="3" count="77"/>
        <line num="119" type="stmt" count="77"/>
        <line num="120" type="stmt" count="77"/>
        <line num="121" type="stmt" count="77"/>
        <line num="132" type="method" name="setConfig" visibility="public" complexity="2" crap="2" count="2"/>
        <line num="134" type="stmt" count="2"/>
        <line num="135" type="stmt" count="2"/>
        <line num="137" type="stmt" count="1"/>
        <line num="152" type="method" name="mergeConfig" visibility="protected" complexity="5" crap="5" count="2"/>
        <line num="154" type="stmt" count="2"/>
        <line num="155" type="stmt" count="2"/>
        <line num="156" type="stmt" count="2"/>
        <line num="157" type="stmt" count="2"/>
        <line num="159" type="stmt" count="2"/>
        <line num="161" type="stmt" count="2"/>
        <line num="165" type="stmt" count="2"/>
        <line num="173" type="method" name="getConfig" visibility="public" complexity="1" crap="1" count="1"/>
        <line num="175" type="stmt" count="1"/>
        <metrics loc="178" ncloc="72" classes="1" methods="6" coveredmethods="6" conditionals="0" coveredconditionals="0" statements="25" coveredstatements="25" elements="31" coveredelements="31"/>
      </file>
      <file name="C:\Data\GitHub\PHPIDS\lib\IDS\Monitor.php">
        <class name="IDS\Monitor" namespace="IDS">
          <metrics complexity="67" methods="18" coveredmethods="18" conditionals="0" coveredconditionals="0" statements="126" coveredstatements="126" elements="144" coveredelements="144"/>
        </class>
        <line num="150" type="method" name="__construct" visibility="public" complexity="6" crap="6" count="60"/>
        <line num="152" type="stmt" count="60"/>
        <line num="153" type="stmt" count="59"/>
        <line num="154" type="stmt" count="59"/>
        <line num="155" type="stmt" count="59"/>
        <line num="156" type="stmt" count="59"/>
        <line num="157" type="stmt" count="59"/>
        <line num="159" type="stmt" count="59"/>
        <line num="160" type="stmt" count="59"/>
        <line num="163" type="stmt" count="59"/>
        <line num="165" type="stmt" count="59"/>
        <line num="166" type="stmt" count="1"/>
        <line num="176" type="method" name="run" visibility="public" complexity="2" crap="2" count="51"/>
        <line num="178" type="stmt" count="51"/>
        <line num="179" type="stmt" count="51"/>
        <line num="180" type="stmt" count="51"/>
        <line num="182" type="stmt" count="50"/>
        <line num="194" type="method" name="iterate" visibility="private" complexity="5" crap="5" count="51"/>
        <line num="196" type="stmt" count="51"/>
        <line num="197" type="stmt" count="2"/>
        <line num="198" type="stmt" count="2"/>
        <line num="200" type="stmt" count="51"/>
        <line num="201" type="stmt" count="51"/>
        <line num="202" type="stmt" count="48"/>
        <line num="205" type="stmt" count="50"/>
        <line num="216" type="method" name="detect" visibility="private" complexity="21" crap="21" count="51"/>
        <line num="219" type="stmt" count="51"/>
        <line num="222" type="stmt" count="51"/>
        <line num="223" type="stmt" count="1"/>
        <line num="227" type="stmt" count="50"/>
        <line num="228" type="stmt" count="50"/>
        <line num="229" type="stmt" count="50"/>
        <line num="230" type="stmt" count="3"/>
        <line num="235" type="stmt" count="50"/>
        <line num="236" type="stmt" count="50"/>
        <line num="240" type="stmt" count="50"/>
        <line num="241" type="stmt" count="3"/>
        <line num="245" type="stmt" count="49"/>
        <line num="246" type="stmt" count="2"/>
        <line num="250" type="stmt" count="49"/>
        <line num="251" type="stmt" count="49"/>
        <line num="254" type="stmt" count="49"/>
        <line num="255" type="stmt" count="49"/>
        <line num="257" type="stmt" count="49"/>
        <line num="259" type="stmt" count="49"/>
        <line num="260" type="stmt" count="1"/>
        <line num="261" type="stmt" count="1"/>
        <line num="262" type="stmt" count="1"/>
        <line num="263" type="stmt" count="1"/>
        <line num="264" type="stmt" count="1"/>
        <line num="265" type="stmt" count="1"/>
        <line num="268" type="stmt" count="49"/>
        <line num="269" type="stmt" count="49"/>
        <line num="270" type="stmt" count="49"/>
        <line num="271" type="stmt" count="49"/>
        <line num="272" type="stmt" count="49"/>
        <line num="273" type="stmt" count="49"/>
        <line num="274" type="stmt" count="49"/>
        <line num="276" type="stmt" count="49"/>
        <line num="294" type="method" name="purifyValues" visibility="private" complexity="6" crap="6" count="3"/>
        <line num="299" type="stmt" count="3"/>
        <line num="300" type="stmt" count="3"/>
        <line num="301" type="stmt" count="1"/>
        <line num="305" type="stmt" count="2"/>
        <line num="306" type="stmt" count="2"/>
        <line num="307" type="stmt" count="2"/>
        <line num="308" type="stmt" count="2"/>
        <line num="309" type="stmt" count="2"/>
        <line num="311" type="stmt" count="2"/>
        <line num="312" type="stmt" count="2"/>
        <line num="314" type="stmt" count="2"/>
        <line num="315" type="stmt" count="2"/>
        <line num="317" type="stmt" count="2"/>
        <line num="318" type="stmt" count="2"/>
        <line num="320" type="stmt" count="2"/>
        <line num="321" type="stmt" count="2"/>
        <line num="323" type="stmt" count="2"/>
        <line num="339" type="method" name="purifierPreCheck" visibility="private" complexity="2" crap="2" count="3"/>
        <line num="344" type="stmt" count="3"/>
        <line num="345" type="stmt" count="3"/>
        <line num="347" type="stmt" count="3"/>
        <line num="348" type="stmt" count="3"/>
        <line num="362" type="method" name="diff" visibility="private" complexity="6" crap="6" count="3"/>
        <line num="368" type="stmt" count="3"/>
        <line num="369" type="stmt" count="3"/>
        <line num="370" type="stmt" count="3"/>
        <line num="371" type="stmt" count="3"/>
        <line num="372" type="stmt" count="3"/>
        <line num="375" type="stmt" count="3"/>
        <line num="378" type="stmt" count="3"/>
        <line num="379" type="stmt" count="3"/>
        <line num="381" type="stmt" count="3"/>
        <line num="384" type="stmt" count="3"/>
        <line num="385" type="stmt" count="1"/>
        <line num="389" type="stmt" count="3"/>
        <line num="395" type="stmt" count="3"/>
        <line num="396" type="stmt" count="3"/>
        <line num="398" type="stmt" count="3"/>
        <line num="399" type="stmt" count="1"/>
        <line num="402" type="stmt" count="2"/>
        <line num="405" type="stmt" count="3"/>
        <line num="406" type="stmt" count="3"/>
        <line num="409" type="stmt" count="3"/>
        <line num="412" type="stmt" count="3"/>
        <line num="414" type="stmt" count="3"/>
        <line num="428" type="method" name="jsonDecodeValues" visibility="private" complexity="5" crap="5" count="2"/>
        <line num="430" type="stmt" count="2"/>
        <line num="431" type="stmt" count="2"/>
        <line num="433" type="stmt" count="2"/>
        <line num="434" type="stmt" count="2"/>
        <line num="435" type="stmt" count="2"/>
        <line num="437" type="stmt" count="1"/>
        <line num="440" type="stmt" count="2"/>
        <line num="441" type="stmt" count="1"/>
        <line num="442" type="stmt" count="1"/>
        <line num="444" type="stmt" count="1"/>
        <line num="447" type="stmt" count="2"/>
        <line num="460" type="method" name="jsonConcatContents" visibility="private" complexity="5" crap="5" count="2"/>
        <line num="462" type="stmt" count="2"/>
        <line num="463" type="stmt" count="2"/>
        <line num="465" type="stmt" count="1"/>
        <line num="466" type="stmt" count="1"/>
        <line num="467" type="stmt" count="1"/>
        <line num="468" type="stmt" count="1"/>
        <line num="469" type="stmt" count="1"/>
        <line num="470" type="stmt" count="1"/>
        <line num="481" type="method" name="setExceptions" visibility="public" complexity="1" crap="1" count="5"/>
        <line num="483" type="stmt" count="5"/>
        <line num="491" type="method" name="getExceptions" visibility="public" complexity="1" crap="1" count="2"/>
        <line num="493" type="stmt" count="2"/>
        <line num="504" type="method" name="setHtml" visibility="public" complexity="1" crap="1" count="5"/>
        <line num="506" type="stmt" count="5"/>
        <line num="517" type="method" name="addHtml" visibility="public" complexity="1" crap="1" count="1"/>
        <line num="519" type="stmt" count="1"/>
        <line num="529" type="method" name="getHtml" visibility="public" complexity="1" crap="1" count="2"/>
        <line num="531" type="stmt" count="2"/>
        <line num="542" type="method" name="setJson" visibility="public" complexity="1" crap="1" count="3"/>
        <line num="544" type="stmt" count="3"/>
        <line num="555" type="method" name="addJson" visibility="public" complexity="1" crap="1" count="1"/>
        <line num="557" type="stmt" count="1"/>
        <line num="567" type="method" name="getJson" visibility="public" complexity="1" crap="1" count="1"/>
        <line num="569" type="stmt" count="1"/>
        <line num="577" type="method" name="getStorage" visibility="public" complexity="1" crap="1" count="1"/>
        <line num="579" type="stmt" count="1"/>
        <metrics loc="582" ncloc="284" classes="1" methods="18" coveredmethods="18" conditionals="0" coveredconditionals="0" statements="126" coveredstatements="126" elements="144" coveredelements="144"/>
      </file>
      <file name="C:\Data\GitHub\PHPIDS\lib\IDS\Report.php">
        <class name="IDS\Report" namespace="IDS">
          <metrics complexity="31" methods="13" coveredmethods="13" conditionals="0" coveredconditionals="0" statements="72" coveredstatements="72" elements="85" coveredelements="85"/>
        </class>
        <line num="102" type="method" name="__construct" visibility="public" complexity="2" crap="2" count="72"/>
        <line num="104" type="stmt" count="72"/>
        <line num="105" type="stmt" count="21"/>
        <line num="116" type="method" name="addEvent" visibility="public" complexity="1" crap="1" count="69"/>
        <line num="118" type="stmt" count="69"/>
        <line num="119" type="stmt" count="69"/>
        <line num="121" type="stmt" count="69"/>
        <line num="135" type="method" name="getEvent" visibility="public" complexity="3" crap="3" count="18"/>
        <line num="137" type="stmt" count="18"/>
        <line num="138" type="stmt" count="1"/>
        <line num="141" type="stmt" count="17"/>
        <line num="149" type="method" name="getTags" visibility="public" complexity="3" crap="3" count="4"/>
        <line num="151" type="stmt" count="4"/>
        <line num="152" type="stmt" count="4"/>
        <line num="154" type="stmt" count="4"/>
        <line num="155" type="stmt" count="4"/>
        <line num="158" type="stmt" count="4"/>
        <line num="161" type="stmt" count="4"/>
        <line num="172" type="method" name="getImpact" visibility="public" complexity="3" crap="3" count="38"/>
        <line num="174" type="stmt" count="38"/>
        <line num="175" type="stmt" count="38"/>
        <line num="176" type="stmt" count="38"/>
        <line num="177" type="stmt" count="37"/>
        <line num="181" type="stmt" count="38"/>
        <line num="192" type="method" name="hasEvent" visibility="public" complexity="2" crap="2" count="23"/>
        <line num="194" type="stmt" count="23"/>
        <line num="195" type="stmt" count="1"/>
        <line num="198" type="stmt" count="22"/>
        <line num="206" type="method" name="count" visibility="public" complexity="1" crap="1" count="1"/>
        <line num="208" type="stmt" count="1"/>
        <line num="220" type="method" name="getIterator" visibility="public" complexity="1" crap="1" count="1"/>
        <line num="222" type="stmt" count="1"/>
        <line num="230" type="method" name="isEmpty" visibility="public" complexity="1" crap="1" count="5"/>
        <line num="232" type="stmt" count="5"/>
        <line num="240" type="method" name="clear" visibility="protected" complexity="1" crap="1" count="69"/>
        <line num="242" type="stmt" count="69"/>
        <line num="243" type="stmt" count="69"/>
        <line num="252" type="method" name="getCentrifuge" visibility="public" complexity="1" crap="1" count="2"/>
        <line num="254" type="stmt" count="2"/>
        <line num="265" type="method" name="setCentrifuge" visibility="public" complexity="2" crap="2" count="2"/>
        <line num="267" type="stmt" count="2"/>
        <line num="268" type="stmt" count="1"/>
        <line num="270" type="stmt" count="1"/>
        <line num="278" type="method" name="__toString" visibility="public" complexity="10" crap="10" count="3"/>
        <line num="280" type="stmt" count="3"/>
        <line num="281" type="stmt" count="3"/>
        <line num="282" type="stmt" count="2"/>
        <line num="283" type="stmt" count="2"/>
        <line num="284" type="stmt" count="2"/>
        <line num="285" type="stmt" count="2"/>
        <line num="286" type="stmt" count="2"/>
        <line num="287" type="stmt" count="2"/>
        <line num="288" type="stmt" count="2"/>
        <line num="290" type="stmt" count="2"/>
        <line num="291" type="stmt" count="2"/>
        <line num="292" type="stmt" count="2"/>
        <line num="293" type="stmt" count="2"/>
        <line num="294" type="stmt" count="2"/>
        <line num="295" type="stmt" count="2"/>
        <line num="296" type="stmt" count="2"/>
        <line num="297" type="stmt" count="2"/>
        <line num="298" type="stmt" count="2"/>
        <line num="299" type="stmt" count="2"/>
        <line num="301" type="stmt" count="2"/>
        <line num="302" type="stmt" count="2"/>
        <line num="303" type="stmt" count="2"/>
        <line num="304" type="stmt" count="2"/>
        <line num="305" type="stmt" count="2"/>
        <line num="306" type="stmt" count="2"/>
        <line num="307" type="stmt" count="2"/>
        <line num="308" type="stmt" count="2"/>
        <line num="309" type="stmt" count="2"/>
        <line num="313" type="stmt" count="2"/>
        <line num="315" type="stmt" count="2"/>
        <line num="316" type="stmt" count="1"/>
        <line num="317" type="stmt" count="1"/>
        <line num="318" type="stmt" count="1"/>
        <line num="319" type="stmt" count="1"/>
        <line num="320" type="stmt" count="1"/>
        <line num="321" type="stmt" count="1"/>
        <line num="322" type="stmt" count="1"/>
        <line num="323" type="stmt" count="1"/>
        <line num="324" type="stmt" count="1"/>
        <line num="326" type="stmt" count="1"/>
        <line num="330" type="stmt" count="3"/>
        <metrics loc="333" ncloc="164" classes="1" methods="13" coveredmethods="13" conditionals="0" coveredconditionals="0" statements="72" coveredstatements="72" elements="85" coveredelements="85"/>
      </file>
      <file name="C:\Data\GitHub\PHPIDS\lib\IDS\Version.php">
        <class name="IDS\Version" namespace="IDS">
          <metrics complexity="0" methods="0" coveredmethods="0" conditionals="0" coveredconditionals="0" statements="0" coveredstatements="0" elements="0" coveredelements="0"/>
        </class>
        <metrics loc="50" ncloc="8" classes="0" methods="0" coveredmethods="0" conditionals="0" coveredconditionals="0" statements="0" coveredstatements="0" elements="0" coveredelements="0"/>
      </file>
    </package>
    <file name="C:\Data\GitHub\PHPIDS\lib\IDS\ConverterInterface.php">
      <metrics loc="9" ncloc="9" classes="0" methods="0" coveredmethods="0" conditionals="0" coveredconditionals="0" statements="0" coveredstatements="0" elements="0" coveredelements="0"/>
    </file>
    <package name="IDS\Converters">
      <file name="C:\Data\GitHub\PHPIDS\lib\IDS\Converters\CommentedConverter.php">
        <class name="IDS\Converters\CommentedConverter" namespace="IDS\Converters">
          <metrics complexity="2" methods="1" coveredmethods="1" conditionals="0" coveredconditionals="0" statements="14" coveredstatements="14" elements="15" coveredelements="15"/>
        </class>
        <line num="9" type="method" name="convert" visibility="public" complexity="2" crap="2" count="50"/>
        <line num="12" type="stmt" count="50"/>
        <line num="14" type="stmt" count="9"/>
        <line num="15" type="stmt" count="9"/>
        <line num="16" type="stmt" count="9"/>
        <line num="17" type="stmt" count="9"/>
        <line num="18" type="stmt" count="9"/>
        <line num="20" type="stmt" count="9"/>
        <line num="21" type="stmt" count="9"/>
        <line num="25" type="stmt" count="50"/>
        <line num="26" type="stmt" count="50"/>
        <line num="27" type="stmt" count="50"/>
        <line num="28" type="stmt" count="50"/>
        <line num="29" type="stmt" count="50"/>
        <line num="31" type="stmt" count="50"/>
        <metrics loc="34" ncloc="32" classes="1" methods="1" coveredmethods="1" conditionals="0" coveredconditionals="0" statements="14" coveredstatements="14" elements="15" coveredelements="15"/>
      </file>
      <file name="C:\Data\GitHub\PHPIDS\lib\IDS\Converters\ConcatenatedConverter.php">
        <class name="IDS\Converters\ConcatenatedConverter" namespace="IDS\Converters">
          <metrics complexity="4" methods="1" coveredmethods="1" conditionals="0" coveredconditionals="0" statements="35" coveredstatements="35" elements="36" coveredelements="36"/>
        </class>
        <line num="9" type="method" name="convert" visibility="public" complexity="4" crap="4" count="50"/>
        <line num="12" type="stmt" count="50"/>
        <line num="13" type="stmt" count="50"/>
        <line num="14" type="stmt" count="8"/>
        <line num="17" type="stmt" count="50"/>
        <line num="19" type="stmt" count="50"/>
        <line num="20" type="stmt" count="50"/>
        <line num="21" type="stmt" count="50"/>
        <line num="22" type="stmt" count="50"/>
        <line num="23" type="stmt" count="50"/>
        <line num="24" type="stmt" count="50"/>
        <line num="25" type="stmt" count="50"/>
        <line num="26" type="stmt" count="50"/>
        <line num="27" type="stmt" count="50"/>
        <line num="28" type="stmt" count="50"/>
        <line num="29" type="stmt" count="50"/>
        <line num="30" type="stmt" count="50"/>
        <line num="31" type="stmt" count="50"/>
        <line num="32" type="stmt" count="50"/>
        <line num="33" type="stmt" count="50"/>
        <line num="34" type="stmt" count="50"/>
        <line num="35" type="stmt" count="50"/>
        <line num="36" type="stmt" count="50"/>
        <line num="37" type="stmt" count="50"/>
        <line num="38" type="stmt" count="50"/>
        <line num="41" type="stmt" count="50"/>
        <line num="44" type="stmt" count="50"/>
        <line num="47" type="stmt" count="50"/>
        <line num="50" type="stmt" count="50"/>
        <line num="51" type="stmt" count="50"/>
        <line num="52" type="stmt" count="50"/>
        <line num="53" type="stmt" count="50"/>
        <line num="54" type="stmt" count="50"/>
        <line num="56" type="stmt" count="50"/>
        <line num="57" type="stmt" count="17"/>
        <line num="60" type="stmt" count="50"/>
        <metrics loc="63" ncloc="58" classes="1" methods="1" coveredmethods="1" conditionals="0" coveredconditionals="0" statements="35" coveredstatements="35" elements="36" coveredelements="36"/>
      </file>
      <file name="C:\Data\GitHub\PHPIDS\lib\IDS\Converters\ControlCharsConverter.php">
        <class name="IDS\Converters\ControlCharsConverter" namespace="IDS\Converters">
          <metrics complexity="1" methods="1" coveredmethods="1" conditionals="0" coveredconditionals="0" statements="54" coveredstatements="54" elements="55" coveredelements="55"/>
        </class>
        <line num="9" type="method" name="convert" visibility="public" complexity="1" crap="1" count="50"/>
        <line num="12" type="stmt" count="50"/>
        <line num="13" type="stmt" count="50"/>
        <line num="14" type="stmt" count="50"/>
        <line num="15" type="stmt" count="50"/>
        <line num="16" type="stmt" count="50"/>
        <line num="17" type="stmt" count="50"/>
        <line num="19" type="stmt" count="50"/>
        <line num="22" type="stmt" count="50"/>
        <line num="23" type="stmt" count="50"/>
        <line num="24" type="stmt" count="50"/>
        <line num="25" type="stmt" count="50"/>
        <line num="26" type="stmt" count="50"/>
        <line num="27" type="stmt" count="50"/>
        <line num="28" type="stmt" count="50"/>
        <line num="29" type="stmt" count="50"/>
        <line num="30" type="stmt" count="50"/>
        <line num="31" type="stmt" count="50"/>
        <line num="32" type="stmt" count="50"/>
        <line num="33" type="stmt" count="50"/>
        <line num="35" type="stmt" count="50"/>
        <line num="36" type="stmt" count="50"/>
        <line num="37" type="stmt" count="50"/>
        <line num="38" type="stmt" count="50"/>
        <line num="39" type="stmt" count="50"/>
        <line num="40" type="stmt" count="50"/>
        <line num="41" type="stmt" count="50"/>
        <line num="42" type="stmt" count="50"/>
        <line num="43" type="stmt" count="50"/>
        <line num="44" type="stmt" count="50"/>
        <line num="46" type="stmt" count="50"/>
        <line num="47" type="stmt" count="50"/>
        <line num="48" type="stmt" count="50"/>
        <line num="49" type="stmt" count="50"/>
        <line num="50" type="stmt" count="50"/>
        <line num="51" type="stmt" count="50"/>
        <line num="52" type="stmt" count="50"/>
        <line num="53" type="stmt" count="50"/>
        <line num="54" type="stmt" count="50"/>
        <line num="55" type="stmt" count="50"/>
        <line num="56" type="stmt" count="50"/>
        <line num="57" type="stmt" count="50"/>
        <line num="58" type="stmt" count="50"/>
        <line num="59" type="stmt" count="50"/>
        <line num="60" type="stmt" count="50"/>
        <line num="61" type="stmt" count="50"/>
        <line num="62" type="stmt" count="50"/>
        <line num="63" type="stmt" count="50"/>
        <line num="64" type="stmt" count="50"/>
        <line num="65" type="stmt" count="50"/>
        <line num="66" type="stmt" count="50"/>
        <line num="67" type="stmt" count="50"/>
        <line num="68" type="stmt" count="50"/>
        <line num="69" type="stmt" count="50"/>
        <line num="71" type="stmt" count="50"/>
        <metrics loc="74" ncloc="72" classes="1" methods="1" coveredmethods="1" conditionals="0" coveredconditionals="0" statements="54" coveredstatements="54" elements="55" coveredelements="55"/>
      </file>
      <file name="C:\Data\GitHub\PHPIDS\lib\IDS\Converters\EntitiesConverter.php">
        <class name="IDS\Converters\EntitiesConverter" namespace="IDS\Converters">
          <metrics complexity="2" methods="1" coveredmethods="1" conditionals="0" coveredconditionals="0" statements="11" coveredstatements="11" elements="12" coveredelements="12"/>
        </class>
        <line num="9" type="method" name="convert" visibility="public" complexity="2" crap="2" count="52"/>
        <line num="12" type="stmt" count="52"/>
        <line num="14" type="stmt" count="52"/>
        <line num="15" type="stmt" count="9"/>
        <line num="16" type="stmt" count="9"/>
        <line num="17" type="stmt" count="9"/>
        <line num="21" type="stmt" count="52"/>
        <line num="22" type="stmt" count="52"/>
        <line num="23" type="stmt" count="52"/>
        <line num="24" type="stmt" count="52"/>
        <line num="25" type="stmt" count="52"/>
        <line num="27" type="stmt" count="52"/>
        <metrics loc="30" ncloc="28" classes="1" methods="1" coveredmethods="1" conditionals="0" coveredconditionals="0" statements="11" coveredstatements="11" elements="12" coveredelements="12"/>
      </file>
      <file name="C:\Data\GitHub\PHPIDS\lib\IDS\Converters\JsCharcodeConverter.php">
        <class name="IDS\Converters\JsCharcodeConverter" namespace="IDS\Converters">
          <metrics complexity="18" methods="1" coveredmethods="1" conditionals="0" coveredconditionals="0" statements="33" coveredstatements="33" elements="34" coveredelements="34"/>
        </class>
        <line num="9" type="method" name="convert" visibility="public" complexity="18" crap="18" count="50"/>
        <line num="11" type="stmt" count="50"/>
        <line num="14" type="stmt" count="50"/>
        <line num="15" type="stmt" count="1"/>
        <line num="16" type="stmt" count="1"/>
        <line num="17" type="stmt" count="1"/>
        <line num="18" type="stmt" count="1"/>
        <line num="19" type="stmt" count="1"/>
        <line num="21" type="stmt" count="1"/>
        <line num="22" type="stmt" count="1"/>
        <line num="24" type="stmt" count="1"/>
        <line num="25" type="stmt" count="1"/>
        <line num="26" type="stmt" count="1"/>
        <line num="28" type="stmt" count="1"/>
        <line num="29" type="stmt" count="1"/>
        <line num="30" type="stmt" count="1"/>
        <line num="33" type="stmt" count="1"/>
        <line num="34" type="stmt" count="1"/>
        <line num="38" type="stmt" count="1"/>
        <line num="42" type="stmt" count="50"/>
        <line num="43" type="stmt" count="1"/>
        <line num="44" type="stmt" count="1"/>
        <line num="46" type="stmt" count="1"/>
        <line num="47" type="stmt" count="1"/>
        <line num="48" type="stmt" count="1"/>
        <line num="51" type="stmt" count="1"/>
        <line num="55" type="stmt" count="50"/>
        <line num="56" type="stmt" count="2"/>
        <line num="57" type="stmt" count="2"/>
        <line num="59" type="stmt" count="2"/>
        <line num="60" type="stmt" count="2"/>
        <line num="61" type="stmt" count="2"/>
        <line num="64" type="stmt" count="2"/>
        <line num="67" type="stmt" count="50"/>
        <metrics loc="70" ncloc="67" classes="1" methods="1" coveredmethods="1" conditionals="0" coveredconditionals="0" statements="33" coveredstatements="33" elements="34" coveredelements="34"/>
      </file>
      <file name="C:\Data\GitHub\PHPIDS\lib\IDS\Converters\JsRegexModifiersConverter.php">
        <class name="IDS\Converters\JsRegexModifiersConverter" namespace="IDS\Converters">
          <metrics complexity="1" methods="1" coveredmethods="1" conditionals="0" coveredconditionals="0" statements="1" coveredstatements="1" elements="2" coveredelements="2"/>
        </class>
        <line num="9" type="method" name="convert" visibility="public" complexity="1" crap="1" count="50"/>
        <line num="11" type="stmt" count="50"/>
        <metrics loc="14" ncloc="14" classes="1" methods="1" coveredmethods="1" conditionals="0" coveredconditionals="0" statements="1" coveredstatements="1" elements="2" coveredelements="2"/>
      </file>
      <file name="C:\Data\GitHub\PHPIDS\lib\IDS\Converters\JsUnicodeConverter.php">
        <class name="IDS\Converters\JsUnicodeConverter" namespace="IDS\Converters">
          <metrics complexity="3" methods="1" coveredmethods="1" conditionals="0" coveredconditionals="0" statements="8" coveredstatements="8" elements="9" coveredelements="9"/>
        </class>
        <line num="9" type="method" name="convert" visibility="public" complexity="3" crap="3" count="50"/>
        <line num="11" type="stmt" count="50"/>
        <line num="12" type="stmt" count="50"/>
        <line num="14" type="stmt" count="50"/>
        <line num="15" type="stmt" count="1"/>
        <line num="16" type="stmt" count="1"/>
        <line num="17" type="stmt" count="1"/>
        <line num="19" type="stmt" count="1"/>
        <line num="22" type="stmt" count="50"/>
        <metrics loc="25" ncloc="25" classes="1" methods="1" coveredmethods="1" conditionals="0" coveredconditionals="0" statements="8" coveredstatements="8" elements="9" coveredelements="9"/>
      </file>
      <file name="C:\Data\GitHub\PHPIDS\lib\IDS\Converters\NestedBase64Converter.php">
        <class name="IDS\Converters\NestedBase64Converter" namespace="IDS\Converters">
          <metrics complexity="3" methods="1" coveredmethods="1" conditionals="0" coveredconditionals="0" statements="7" coveredstatements="7" elements="8" coveredelements="8"/>
        </class>
        <line num="9" type="method" name="convert" visibility="public" complexity="3" crap="3" count="51"/>
        <line num="11" type="stmt" count="51"/>
        <line num="12" type="stmt" count="51"/>
        <line num="14" type="stmt" count="51"/>
        <line num="15" type="stmt" count="1"/>
        <line num="16" type="stmt" count="1"/>
        <line num="17" type="stmt" count="1"/>
        <line num="21" type="stmt" count="51"/>
        <metrics loc="24" ncloc="24" classes="1" methods="1" coveredmethods="1" conditionals="0" coveredconditionals="0" statements="7" coveredstatements="7" elements="8" coveredelements="8"/>
      </file>
      <file name="C:\Data\GitHub\PHPIDS\lib\IDS\Converters\OutOfRangeCharsConverter.php">
        <class name="IDS\Converters\OutOfRangeCharsConverter" namespace="IDS\Converters">
          <metrics complexity="3" methods="1" coveredmethods="1" conditionals="0" coveredconditionals="0" statements="5" coveredstatements="5" elements="6" coveredelements="6"/>
        </class>
        <line num="9" type="method" name="convert" visibility="public" complexity="3" crap="3" count="50"/>
        <line num="11" type="stmt" count="50"/>
        <line num="12" type="stmt" count="50"/>
        <line num="13" type="stmt" count="50"/>
        <line num="14" type="stmt" count="9"/>
        <line num="18" type="stmt" count="50"/>
        <metrics loc="21" ncloc="21" classes="1" methods="1" coveredmethods="1" conditionals="0" coveredconditionals="0" statements="5" coveredstatements="5" elements="6" coveredelements="6"/>
      </file>
      <file name="C:\Data\GitHub\PHPIDS\lib\IDS\Converters\ProprietaryEncodingsConverter.php">
        <class name="IDS\Converters\ProprietaryEncodingsConverter" namespace="IDS\Converters">
          <metrics complexity="1" methods="1" coveredmethods="1" conditionals="0" coveredconditionals="0" statements="17" coveredstatements="17" elements="18" coveredelements="18"/>
        </class>
        <line num="9" type="method" name="convert" visibility="public" complexity="1" crap="1" count="50"/>
        <line num="12" type="stmt" count="50"/>
        <line num="15" type="stmt" count="50"/>
        <line num="18" type="stmt" count="50"/>
        <line num="21" type="stmt" count="50"/>
        <line num="24" type="stmt" count="50"/>
        <line num="27" type="stmt" count="50"/>
        <line num="28" type="stmt" count="50"/>
        <line num="29" type="stmt" count="50"/>
        <line num="30" type="stmt" count="50"/>
        <line num="31" type="stmt" count="50"/>
        <line num="34" type="stmt" count="50"/>
        <line num="37" type="stmt" count="50"/>
        <line num="40" type="stmt" count="50"/>
        <line num="43" type="stmt" count="50"/>
        <line num="46" type="stmt" count="50"/>
        <line num="49" type="stmt" count="50"/>
        <line num="51" type="stmt" count="50"/>
        <metrics loc="54" ncloc="42" classes="1" methods="1" coveredmethods="1" conditionals="0" coveredconditionals="0" statements="17" coveredstatements="17" elements="18" coveredelements="18"/>
      </file>
      <file name="C:\Data\GitHub\PHPIDS\lib\IDS\Converters\QuotesConverter.php">
        <class name="IDS\Converters\QuotesConverter" namespace="IDS\Converters">
          <metrics complexity="1" methods="1" coveredmethods="1" conditionals="0" coveredconditionals="0" statements="4" coveredstatements="4" elements="5" coveredelements="5"/>
        </class>
        <line num="9" type="method" name="convert" visibility="public" complexity="1" crap="1" count="50"/>
        <line num="12" type="stmt" count="50"/>
        <line num="13" type="stmt" count="50"/>
        <line num="16" type="stmt" count="50"/>
        <line num="18" type="stmt" count="50"/>
        <metrics loc="21" ncloc="19" classes="1" methods="1" coveredmethods="1" conditionals="0" coveredconditionals="0" statements="4" coveredstatements="4" elements="5" coveredelements="5"/>
      </file>
      <file name="C:\Data\GitHub\PHPIDS\lib\IDS\Converters\SQLHexConverter.php">
        <class name="IDS\Converters\SQLHexConverter" namespace="IDS\Converters">
          <metrics complexity="5" methods="1" coveredmethods="1" conditionals="0" coveredconditionals="0" statements="10" coveredstatements="10" elements="11" coveredelements="11"/>
        </class>
        <line num="9" type="method" name="convert" visibility="public" complexity="5" crap="5" count="52"/>
        <line num="11" type="stmt" count="52"/>
        <line num="12" type="stmt" count="52"/>
        <line num="13" type="stmt" count="3"/>
        <line num="14" type="stmt" count="3"/>
        <line num="15" type="stmt" count="3"/>
        <line num="16" type="stmt" count="3"/>
        <line num="17" type="stmt" count="3"/>
        <line num="20" type="stmt" count="3"/>
        <line num="24" type="stmt" count="52"/>
        <line num="26" type="stmt" count="52"/>
        <metrics loc="29" ncloc="28" classes="1" methods="1" coveredmethods="1" conditionals="0" coveredconditionals="0" statements="10" coveredstatements="10" elements="11" coveredelements="11"/>
      </file>
      <file name="C:\Data\GitHub\PHPIDS\lib\IDS\Converters\SQLKeywordsConverter.php">
        <class name="IDS\Converters\SQLKeywordsConverter" namespace="IDS\Converters">
          <metrics complexity="1" methods="1" coveredmethods="1" conditionals="0" coveredconditionals="0" statements="23" coveredstatements="23" elements="24" coveredelements="24"/>
        </class>
        <line num="9" type="method" name="convert" visibility="public" complexity="1" crap="1" count="50"/>
        <line num="11" type="stmt" count="50"/>
        <line num="12" type="stmt" count="50"/>
        <line num="13" type="stmt" count="50"/>
        <line num="14" type="stmt" count="50"/>
        <line num="15" type="stmt" count="50"/>
        <line num="17" type="stmt" count="50"/>
        <line num="18" type="stmt" count="50"/>
        <line num="19" type="stmt" count="50"/>
        <line num="20" type="stmt" count="50"/>
        <line num="21" type="stmt" count="50"/>
        <line num="22" type="stmt" count="50"/>
        <line num="23" type="stmt" count="50"/>
        <line num="25" type="stmt" count="50"/>
        <line num="26" type="stmt" count="50"/>
        <line num="27" type="stmt" count="50"/>
        <line num="28" type="stmt" count="50"/>
        <line num="29" type="stmt" count="50"/>
        <line num="30" type="stmt" count="50"/>
        <line num="31" type="stmt" count="50"/>
        <line num="32" type="stmt" count="50"/>
        <line num="33" type="stmt" count="50"/>
        <line num="34" type="stmt" count="50"/>
        <line num="36" type="stmt" count="50"/>
        <metrics loc="39" ncloc="39" classes="1" methods="1" coveredmethods="1" conditionals="0" coveredconditionals="0" statements="23" coveredstatements="23" elements="24" coveredelements="24"/>
      </file>
      <file name="C:\Data\GitHub\PHPIDS\lib\IDS\Converters\UTF7Converter.php">
        <class name="IDS\Converters\UTF7Converter" namespace="IDS\Converters">
          <metrics complexity="6" methods="1" coveredmethods="1" conditionals="0" coveredconditionals="0" statements="40" coveredstatements="40" elements="41" coveredelements="41"/>
        </class>
        <line num="9" type="method" name="convert" visibility="public" complexity="6" crap="6" count="54"/>
        <line num="11" type="stmt" count="54"/>
        <line num="12" type="stmt" count="5"/>
        <line num="13" type="stmt" count="4"/>
        <line num="14" type="stmt" count="3"/>
        <line num="15" type="stmt" count="3"/>
        <line num="16" type="stmt" count="3"/>
        <line num="17" type="stmt" count="3"/>
        <line num="18" type="stmt" count="3"/>
        <line num="22" type="stmt" count="4"/>
        <line num="25" type="stmt" count="1"/>
        <line num="26" type="stmt" count="1"/>
        <line num="27" type="stmt" count="1"/>
        <line num="28" type="stmt" count="1"/>
        <line num="29" type="stmt" count="1"/>
        <line num="30" type="stmt" count="1"/>
        <line num="31" type="stmt" count="1"/>
        <line num="32" type="stmt" count="1"/>
        <line num="33" type="stmt" count="1"/>
        <line num="34" type="stmt" count="1"/>
        <line num="35" type="stmt" count="1"/>
        <line num="36" type="stmt" count="1"/>
        <line num="37" type="stmt" count="1"/>
        <line num="38" type="stmt" count="1"/>
        <line num="39" type="stmt" count="1"/>
        <line num="40" type="stmt" count="1"/>
        <line num="41" type="stmt" count="1"/>
        <line num="42" type="stmt" count="1"/>
        <line num="43" type="stmt" count="1"/>
        <line num="44" type="stmt" count="1"/>
        <line num="45" type="stmt" count="1"/>
        <line num="46" type="stmt" count="1"/>
        <line num="47" type="stmt" count="1"/>
        <line num="48" type="stmt" count="1"/>
        <line num="49" type="stmt" count="1"/>
        <line num="51" type="stmt" count="1"/>
        <line num="52" type="stmt" count="1"/>
        <line num="53" type="stmt" count="1"/>
        <line num="54" type="stmt" count="1"/>
        <line num="55" type="stmt" count="1"/>
        <line num="59" type="stmt" count="54"/>
        <metrics loc="62" ncloc="61" classes="1" methods="1" coveredmethods="1" conditionals="0" coveredconditionals="0" statements="40" coveredstatements="40" elements="41" coveredelements="41"/>
      </file>
      <file name="C:\Data\GitHub\PHPIDS\lib\IDS\Converters\UrlencodeSqlCommentConverter.php">
        <class name="IDS\Converters\UrlencodeSqlCommentConverter" namespace="IDS\Converters">
          <metrics complexity="3" methods="1" coveredmethods="1" conditionals="0" coveredconditionals="0" statements="6" coveredstatements="6" elements="7" coveredelements="7"/>
        </class>
        <line num="9" type="method" name="convert" visibility="public" complexity="3" crap="3" count="51"/>
        <line num="11" type="stmt" count="51"/>
        <line num="12" type="stmt" count="2"/>
        <line num="13" type="stmt" count="2"/>
        <line num="14" type="stmt" count="2"/>
        <line num="16" type="stmt" count="2"/>
        <line num="18" type="stmt" count="51"/>
        <metrics loc="21" ncloc="21" classes="1" methods="1" coveredmethods="1" conditionals="0" coveredconditionals="0" statements="6" coveredstatements="6" elements="7" coveredelements="7"/>
      </file>
      <file name="C:\Data\GitHub\PHPIDS\lib\IDS\Converters\WhiteSpaceConverter.php">
        <class name="IDS\Converters\WhiteSpaceConverter" namespace="IDS\Converters">
          <metrics complexity="1" methods="1" coveredmethods="1" conditionals="0" coveredconditionals="0" statements="4" coveredstatements="4" elements="5" coveredelements="5"/>
        </class>
        <line num="9" type="method" name="convert" visibility="public" complexity="1" crap="1" count="50"/>
        <line num="12" type="stmt" count="50"/>
        <line num="13" type="stmt" count="50"/>
        <line num="16" type="stmt" count="50"/>
        <line num="19" type="stmt" count="50"/>
        <metrics loc="22" ncloc="19" classes="1" methods="1" coveredmethods="1" conditionals="0" coveredconditionals="0" statements="4" coveredstatements="4" elements="5" coveredelements="5"/>
      </file>
      <file name="C:\Data\GitHub\PHPIDS\lib\IDS\Converters\XMLConverter.php">
        <class name="IDS\Converters\XMLConverter" namespace="IDS\Converters">
          <metrics complexity="3" methods="1" coveredmethods="1" conditionals="0" coveredconditionals="0" statements="4" coveredstatements="4" elements="5" coveredelements="5"/>
        </class>
        <line num="9" type="method" name="convert" visibility="public" complexity="3" crap="3" count="50"/>
        <line num="11" type="stmt" count="50"/>
        <line num="12" type="stmt" count="50"/>
        <line num="13" type="stmt" count="44"/>
        <line num="15" type="stmt" count="27"/>
        <metrics loc="19" ncloc="19" classes="1" methods="1" coveredmethods="1" conditionals="0" coveredconditionals="0" statements="4" coveredstatements="4" elements="5" coveredelements="5"/>
      </file>
    </package>
    <package name="IDS\Filter\Provider">
      <file name="C:\Data\GitHub\PHPIDS\lib\IDS\Filter\Provider\CachedFilterProvider.php">
        <class name="IDS\Filter\Provider\CachedFilterProvider" namespace="IDS\Filter\Provider">
          <metrics complexity="6" methods="2" coveredmethods="2" conditionals="0" coveredconditionals="0" statements="26" coveredstatements="26" elements="28" coveredelements="28"/>
        </class>
        <line num="12" type="method" name="__construct" visibility="public" complexity="1" crap="1" count="63"/>
        <line num="14" type="stmt" count="63"/>
        <line num="15" type="stmt" count="63"/>
        <line num="18" type="method" name="getFilters" visibility="public" complexity="5" crap="5" count="63"/>
        <line num="20" type="stmt" count="63"/>
        <line num="22" type="stmt" count="63"/>
        <line num="23" type="stmt" count="59"/>
        <line num="24" type="stmt" count="59"/>
        <line num="25" type="stmt" count="59"/>
        <line num="26" type="stmt" count="59"/>
        <line num="27" type="stmt" count="59"/>
        <line num="28" type="stmt" count="59"/>
        <line num="29" type="stmt" count="59"/>
        <line num="30" type="stmt" count="59"/>
        <line num="31" type="stmt" count="59"/>
        <line num="33" type="stmt" count="59"/>
        <line num="37" type="stmt" count="4"/>
        <line num="40" type="stmt" count="3"/>
        <line num="41" type="stmt" count="3"/>
        <line num="42" type="stmt" count="3"/>
        <line num="43" type="stmt" count="3"/>
        <line num="44" type="stmt" count="3"/>
        <line num="45" type="stmt" count="3"/>
        <line num="46" type="stmt" count="3"/>
        <line num="47" type="stmt" count="3"/>
        <line num="48" type="stmt" count="3"/>
        <line num="51" type="stmt" count="3"/>
        <line num="53" type="stmt" count="3"/>
        <metrics loc="55" ncloc="52" classes="1" methods="2" coveredmethods="2" conditionals="0" coveredconditionals="0" statements="26" coveredstatements="26" elements="28" coveredelements="28"/>
      </file>
      <file name="C:\Data\GitHub\PHPIDS\lib\IDS\Filter\Provider\JsonFilterProvider.php">
        <class name="IDS\Filter\Provider\JsonFilterProvider" namespace="IDS\Filter\Provider">
          <metrics complexity="8" methods="2" coveredmethods="2" conditionals="0" coveredconditionals="0" statements="22" coveredstatements="22" elements="24" coveredelements="24"/>
        </class>
        <line num="9" type="method" name="__construct" visibility="public" complexity="1" crap="1" count="7"/>
        <line num="11" type="stmt" count="7"/>
        <line num="14" type="method" name="getFilters" visibility="public" complexity="7" crap="7" count="7"/>
        <line num="16" type="stmt" count="7"/>
        <line num="17" type="stmt" count="1"/>
        <line num="20" type="stmt" count="6"/>
        <line num="21" type="stmt" count="1"/>
        <line num="24" type="stmt" count="5"/>
        <line num="25" type="stmt" count="5"/>
        <line num="26" type="stmt" count="1"/>
        <line num="29" type="stmt" count="4"/>
        <line num="31" type="stmt" count="4"/>
        <line num="32" type="stmt" count="1"/>
        <line num="35" type="stmt" count="3"/>
        <line num="36" type="stmt" count="3"/>
        <line num="37" type="stmt" count="3"/>
        <line num="38" type="stmt" count="3"/>
        <line num="39" type="stmt" count="3"/>
        <line num="40" type="stmt" count="3"/>
        <line num="41" type="stmt" count="3"/>
        <line num="42" type="stmt" count="3"/>
        <line num="43" type="stmt" count="3"/>
        <line num="44" type="stmt" count="3"/>
        <line num="47" type="stmt" count="3"/>
        <metrics loc="49" ncloc="49" classes="1" methods="2" coveredmethods="2" conditionals="0" coveredconditionals="0" statements="22" coveredstatements="22" elements="24" coveredelements="24"/>
      </file>
      <file name="C:\Data\GitHub\PHPIDS\lib\IDS\Filter\Provider\XmlFilterProvider.php">
        <class name="IDS\Filter\Provider\XmlFilterProvider" namespace="IDS\Filter\Provider">
          <metrics complexity="9" methods="4" coveredmethods="4" conditionals="0" coveredconditionals="0" statements="26" coveredstatements="26" elements="30" coveredelements="30"/>
        </class>
        <line num="9" type="method" name="__construct" visibility="public" complexity="1" crap="1" count="68"/>
        <line num="11" type="stmt" count="68"/>
        <line num="14" type="method" name="getFilters" visibility="public" complexity="5" crap="5" count="10"/>
        <line num="16" type="stmt" count="10"/>
        <line num="17" type="stmt" count="1"/>
        <line num="20" type="stmt" count="9"/>
        <line num="21" type="stmt" count="2"/>
        <line num="24" type="stmt" count="7"/>
        <line num="26" type="stmt" count="7"/>
        <line num="28" type="stmt" count="7"/>
        <line num="29" type="stmt" count="7"/>
        <line num="32" type="stmt" count="7"/>
        <line num="33" type="stmt" count="1"/>
        <line num="36" type="stmt" count="6"/>
        <line num="37" type="stmt" count="6"/>
        <line num="38" type="stmt" count="6"/>
        <line num="39" type="stmt" count="6"/>
        <line num="40" type="stmt" count="6"/>
        <line num="41" type="stmt" count="6"/>
        <line num="42" type="stmt" count="6"/>
        <line num="43" type="stmt" count="6"/>
        <line num="44" type="stmt" count="6"/>
        <line num="45" type="stmt" count="6"/>
        <line num="48" type="stmt" count="6"/>
        <line num="51" type="method" name="loadXmlFile" visibility="protected" complexity="2" crap="2" count="7"/>
        <line num="53" type="stmt" count="7"/>
        <line num="54" type="stmt" count="6"/>
        <line num="57" type="stmt" count="1"/>
        <line num="60" type="method" name="getLibxmlVersion" visibility="protected" complexity="1" crap="1" count="6"/>
        <line num="62" type="stmt" count="6"/>
        <metrics loc="65" ncloc="65" classes="1" methods="4" coveredmethods="4" conditionals="0" coveredconditionals="0" statements="26" coveredstatements="26" elements="30" coveredelements="30"/>
      </file>
    </package>
    <file name="C:\Data\GitHub\PHPIDS\lib\IDS\Filter\Provider\FilterProviderInterface.php">
      <metrics loc="12" ncloc="9" classes="0" methods="0" coveredmethods="0" conditionals="0" coveredconditionals="0" statements="0" coveredstatements="0" elements="0" coveredelements="0"/>
    </file>
    <package name="IDS\Filter">
      <file name="C:\Data\GitHub\PHPIDS\lib\IDS\Filter\Storage.php">
        <class name="IDS\Filter\Storage" namespace="IDS\Filter">
          <metrics complexity="13" methods="4" coveredmethods="4" conditionals="0" coveredconditionals="0" statements="25" coveredstatements="25" elements="29" coveredelements="29"/>
        </class>
        <line num="30" type="method" name="__construct" visibility="public" complexity="9" crap="9" count="63"/>
        <line num="32" type="stmt" count="63"/>
        <line num="33" type="stmt" count="63"/>
        <line num="34" type="stmt" count="63"/>
        <line num="35" type="stmt" count="63"/>
        <line num="37" type="stmt" count="63"/>
        <line num="39" type="stmt" count="63"/>
        <line num="40" type="stmt" count="63"/>
        <line num="41" type="stmt" count="63"/>
        <line num="42" type="stmt" count="2"/>
        <line num="43" type="stmt" count="2"/>
        <line num="44" type="stmt" count="2"/>
        <line num="46" type="stmt" count="1"/>
        <line num="49" type="stmt" count="63"/>
        <line num="50" type="stmt" count="61"/>
        <line num="51" type="stmt" count="61"/>
        <line num="52" type="stmt" count="61"/>
        <line num="53" type="stmt" count="61"/>
        <line num="54" type="stmt" count="61"/>
        <line num="58" type="stmt" count="63"/>
        <line num="69" type="method" name="setFilterSet" visibility="public" complexity="2" crap="2" count="62"/>
        <line num="71" type="stmt" count="62"/>
        <line num="72" type="stmt" count="62"/>
        <line num="75" type="stmt" count="62"/>
        <line num="83" type="method" name="getFilterSet" visibility="public" complexity="1" crap="1" count="51"/>
        <line num="85" type="stmt" count="51"/>
        <line num="95" type="method" name="addFilter" visibility="public" complexity="1" crap="1" count="62"/>
        <line num="97" type="stmt" count="62"/>
        <line num="99" type="stmt" count="62"/>
        <metrics loc="102" ncloc="71" classes="1" methods="4" coveredmethods="4" conditionals="0" coveredconditionals="0" statements="25" coveredstatements="25" elements="29" coveredelements="29"/>
      </file>
    </package>
    <metrics files="39" loc="3755" ncloc="2173" classes="34" methods="110" coveredmethods="110" conditionals="0" coveredconditionals="0" statements="938" coveredstatements="897" elements="1048" coveredelements="1007"/>
  </project>
</coverage>
